TN:
SF:/home/jordi/Projects/i+d/platformio-native/lib/c-puf/src/puf.c
FN:41,puf_new
FN:66,puf_destroy
FN:79,pufOn
FN:97,pufEmit
FN:103,pufOff
FN:119,pufFreeEventIndex
FN:129,pufFreeCbIndex
FN:139,pufFindEventIndex
FN:149,pufFindCbIndex
FN:159,pufFindEventAndCountCallbacks
FN:174,PufFreeEventAndCbIndex
FN:192,pufCountEventCallback
FN:203,pufRun
FN:217,pufReset
FN:228,pufResetEvent
FNDA:11,PufFreeEventAndCbIndex
FNDA:2,pufRun
FNDA:1,puf_destroy
FNDA:9,pufFindCbIndex
FNDA:1,pufResetEvent
FNDA:10,pufFreeCbIndex
FNDA:5,puf_new
FNDA:3,pufCountEventCallback
FNDA:4,pufFindEventAndCountCallbacks
FNDA:3,pufOff
FNDA:6,pufReset
FNDA:11,pufOn
FNDA:7,pufFreeEventIndex
FNDA:19,pufFindEventIndex
FNDA:4,pufEmit
FNF:15
FNH:15
DA:41,5
DA:42,5
DA:44,5
DA:45,5
DA:48,5
DA:49,5
DA:50,18
DA:51,13
DA:55,5
DA:56,5
DA:57,5
DA:58,5
DA:59,5
DA:61,5
DA:63,5
DA:66,1
DA:67,1
DA:68,3
DA:69,2
DA:71,1
DA:72,1
DA:73,1
DA:79,11
DA:80,11
DA:81,11
DA:82,11
DA:83,2
DA:86,9
DA:87,9
DA:88,1
DA:91,8
DA:92,8
DA:94,8
DA:97,4
DA:98,4
DA:99,4
DA:100,4
DA:103,3
DA:104,3
DA:105,3
DA:106,1
DA:109,12
DA:110,11
DA:111,1
DA:112,1
DA:116,1
DA:119,7
DA:120,11
DA:121,10
DA:122,6
DA:126,1
DA:129,10
DA:130,15
DA:131,14
DA:132,9
DA:136,1
DA:139,19
DA:140,50
DA:141,41
DA:142,10
DA:146,9
DA:149,9
DA:150,41
DA:151,33
DA:152,1
DA:156,8
DA:159,4
DA:161,4
DA:162,4
DA:163,1
DA:166,3
DA:167,3
DA:168,1
DA:171,2
DA:174,11
DA:176,11
DA:177,11
DA:178,7
DA:179,7
DA:180,1
DA:184,10
DA:185,10
DA:186,1
DA:189,9
DA:192,3
DA:193,3
DA:194,25
DA:195,22
DA:196,2
DA:200,3
DA:203,2
DA:204,2
DA:205,12
DA:206,11
DA:207,2
DA:208,2
DA:209,1
DA:214,2
DA:217,6
DA:218,24
DA:219,18
DA:220,134
DA:221,116
DA:225,6
DA:228,1
DA:229,1
DA:230,3
DA:231,2
DA:234,1
LF:109
LH:109
end_of_record
TN:
SF:/home/jordi/Projects/i+d/platformio-native/test/test_puf.c
FN:7,setUp
FN:9,tearDown
FN:17,cb_1_ok
FN:23,cb_2_err
FN:24,cb_3_ok
FN:26,test_can_create_an_instance
FN:32,test_all_null_after_reset
FN:42,test_reset_event
FN:60,test_first_listeners
FN:65,test_check_listener_1
FN:72,test_check_listener_2
FN:77,test_error_if_cb_exists
FN:84,test_emit_listener_1
FN:90,test_emit_listener_2
FN:95,test_emit_unknow_event
FN:100,test_off_event
FN:121,test_on_fails_if_event_full
FN:136,test_on_fails_if_cb_full
FN:150,test_destroy_instance
FN:158,main
FNDA:14,setUp
FNDA:1,test_on_fails_if_event_full
FNDA:1,cb_1_ok
FNDA:1,test_destroy_instance
FNDA:14,tearDown
FNDA:1,test_emit_unknow_event
FNDA:1,test_all_null_after_reset
FNDA:1,main
FNDA:1,test_first_listeners
FNDA:1,cb_2_err
FNDA:1,test_check_listener_2
FNDA:1,test_check_listener_1
FNDA:1,test_emit_listener_2
FNDA:1,test_on_fails_if_cb_full
FNDA:0,cb_3_ok
FNDA:1,test_can_create_an_instance
FNDA:1,test_emit_listener_1
FNDA:1,test_error_if_cb_exists
FNDA:1,test_off_event
FNDA:1,test_reset_event
FNF:20
FNH:19
DA:7,14
DA:9,14
DA:17,1
DA:18,1
DA:19,1
DA:20,1
DA:21,1
DA:23,1
DA:24,0
DA:26,1
DA:27,1
DA:28,1
DA:29,1
DA:30,1
DA:32,1
DA:33,1
DA:34,6
DA:35,5
DA:36,55
DA:37,50
DA:40,1
DA:42,1
DA:43,1
DA:44,1
DA:45,1
DA:47,1
DA:48,1
DA:50,1
DA:52,1
DA:53,1
DA:56,1
DA:57,1
DA:58,1
DA:60,1
DA:61,1
DA:62,1
DA:63,1
DA:65,1
DA:66,1
DA:67,1
DA:69,1
DA:70,1
DA:72,1
DA:73,1
DA:74,1
DA:75,1
DA:77,1
DA:80,1
DA:81,1
DA:82,1
DA:84,1
DA:85,1
DA:86,1
DA:87,1
DA:88,1
DA:90,1
DA:91,1
DA:92,1
DA:93,1
DA:95,1
DA:96,1
DA:97,1
DA:98,1
DA:100,1
DA:102,1
DA:105,1
DA:106,1
DA:108,1
DA:109,1
DA:113,1
DA:114,1
DA:116,1
DA:118,1
DA:119,1
DA:121,1
DA:122,1
DA:123,1
DA:125,1
DA:126,1
DA:128,1
DA:129,1
DA:132,1
DA:133,1
DA:134,1
DA:136,1
DA:137,1
DA:138,1
DA:140,1
DA:141,1
DA:143,1
DA:144,1
DA:146,1
DA:147,1
DA:148,1
DA:150,1
DA:151,1
DA:152,1
DA:153,1
DA:154,1
DA:156,1
DA:158,1
DA:159,1
DA:161,1
DA:162,1
DA:163,1
DA:164,1
DA:165,1
DA:166,1
DA:167,1
DA:168,1
DA:169,1
DA:170,1
DA:171,1
DA:172,1
DA:173,1
DA:174,1
DA:175,1
DA:176,1
DA:177,1
LF:119
LH:118
end_of_record
