TN:
SF:/home/jordi/Projects/i+d/platformio-native/.pio/libdeps/native/Unity/src/unity.c
FN:78,UnityPrintChar
FNDA:618,UnityPrintChar
FN:128,UnityPrint
FNDA:47,UnityPrint
FN:150,UnityPrintLen
FNDA:0,UnityPrintLen
FN:188,UnityPrintNumberByStyle
FNDA:0,UnityPrintNumberByStyle
FN:239,UnityPrintNumber
FNDA:17,UnityPrintNumber
FN:254,UnityPrintNumberUnsigned
FNDA:17,UnityPrintNumberUnsigned
FN:273,UnityPrintNumberHex
FNDA:0,UnityPrintNumberHex
FN:299,UnityPrintMask
FNDA:0,UnityPrintMask
FN:334,UnityPrintFloat
FNDA:0,UnityPrintFloat
FN:488,UnityTestResultsBegin
FNDA:14,UnityTestResultsBegin
FN:531,UnityTestResultsFailBegin
FNDA:0,UnityTestResultsFailBegin
FN:539,UnityConcludeTest
FNDA:14,UnityConcludeTest
FN:563,UnityAddMsgIfSpecified
FNDA:0,UnityAddMsgIfSpecified
FN:590,UnityPrintExpectedAndActualStrings
FNDA:0,UnityPrintExpectedAndActualStrings
FN:617,UnityPrintExpectedAndActualStringsLen
FNDA:0,UnityPrintExpectedAndActualStringsLen
FN:650,UnityIsOneArrayNull
FNDA:0,UnityIsOneArrayNull
FN:684,UnityAssertBits
FNDA:0,UnityAssertBits
FN:705,UnityAssertEqualNumber
FNDA:33,UnityAssertEqualNumber
FN:726,UnityAssertGreaterOrLessOrEqualNumber
FNDA:0,UnityAssertGreaterOrLessOrEqualNumber
FN:773,UnityAssertEqualIntArray
FNDA:0,UnityAssertEqualIntArray
FN:896,UnityFloatsWithin
FNDA:0,UnityFloatsWithin
FN:903,UnityAssertEqualFloatArray
FNDA:0,UnityAssertEqualFloatArray
FN:951,UnityAssertFloatsWithin
FNDA:0,UnityAssertFloatsWithin
FN:970,UnityAssertFloatSpecial
FNDA:0,UnityAssertFloatSpecial
FN:1176,UnityAssertNumbersWithin
FNDA:0,UnityAssertNumbersWithin
FN:1223,UnityAssertNumbersArrayWithin
FNDA:0,UnityAssertNumbersArrayWithin
FN:1343,UnityAssertEqualString
FNDA:1,UnityAssertEqualString
FN:1382,UnityAssertEqualStringLen
FNDA:0,UnityAssertEqualStringLen
FN:1422,UnityAssertEqualStringArray
FNDA:0,UnityAssertEqualStringArray
FN:1501,UnityAssertEqualMemory
FNDA:0,UnityAssertEqualMemory
FN:1582,UnityNumToPtr
FNDA:0,UnityNumToPtr
FN:1608,UnityFloatToPtr
FNDA:0,UnityFloatToPtr
FN:1756,UnityFail
FNDA:0,UnityFail
FN:1793,UnityIgnore
FNDA:0,UnityIgnore
FN:1809,UnityMessage
FNDA:0,UnityMessage
FN:1825,UnityDefaultTestRun
FNDA:14,UnityDefaultTestRun
FN:1847,UnitySetTestFile
FNDA:0,UnitySetTestFile
FN:1853,UnityBegin
FNDA:1,UnityBegin
FN:1869,UnityEnd
FNDA:1,UnityEnd
DA:78,618
DA:81,618
DA:83,618
DA:86,0
DA:88,0
DA:89,0
DA:92,0
DA:94,0
DA:95,0
DA:100,0
DA:101,0
DA:102,0
DA:104,618
DA:128,47
DA:130,47
DA:132,47
DA:134,665
DA:144,618
DA:145,618
DA:148,47
DA:150,0
DA:152,0
DA:154,0
DA:156,0
DA:159,0
DA:161,0
DA:164,0
DA:166,0
DA:167,0
DA:170,0
DA:172,0
DA:173,0
DA:178,0
DA:179,0
DA:180,0
DA:182,0
DA:185,0
DA:188,0
DA:190,0
DA:192,0
DA:195,0
DA:196,0
DA:198,0
DA:201,0
DA:203,0
DA:204,0
DA:207,0
DA:209,0
DA:210,0
DA:215,0
DA:216,0
DA:217,0
DA:219,0
DA:223,0
DA:226,0
DA:228,0
DA:232,0
DA:233,0
DA:234,0
DA:236,0
DA:239,17
DA:241,17
DA:243,17
DA:246,0
DA:247,0
DA:249,17
DA:250,17
DA:254,17
DA:256,17
DA:259,46
DA:261,29
DA:267,46
DA:268,46
DA:269,46
DA:270,17
DA:273,0
DA:276,0
DA:278,0
DA:280,0
DA:283,0
DA:285,0
DA:286,0
DA:287,0
DA:289,0
DA:293,0
DA:296,0
DA:299,0
DA:301,0
DA:304,0
DA:306,0
DA:308,0
DA:310,0
DA:314,0
DA:319,0
DA:321,0
DA:323,0
DA:334,0
DA:346,0
DA:349,0
DA:351,0
DA:352,0
DA:356,0
DA:358,0
DA:360,0
DA:362,0
DA:364,0
DA:366,0
DA:370,0
DA:371,0
DA:373,0
DA:382,0
DA:384,0
DA:386,0
DA:387,0
DA:389,0
DA:391,0
DA:393,0
DA:395,0
DA:396,0
DA:398,0
DA:407,0
DA:408,0
DA:409,0
DA:411,0
DA:413,0
DA:417,0
DA:421,0
DA:422,0
DA:425,0
DA:427,0
DA:429,0
DA:430,0
DA:434,0
DA:435,0
DA:438,0
DA:440,0
DA:441,0
DA:445,0
DA:446,0
DA:448,0
DA:449,0
DA:451,0
DA:453,0
DA:454,0
DA:458,0
DA:460,0
DA:462,0
DA:464,0
DA:465,0
DA:469,0
DA:472,0
DA:473,0
DA:475,0
DA:476,0
DA:478,0
DA:480,0
DA:484,0
DA:488,14
DA:519,14
DA:520,14
DA:521,14
DA:522,14
DA:523,14
DA:524,14
DA:528,14
DA:531,0
DA:533,0
DA:534,0
DA:535,0
DA:536,0
DA:539,14
DA:541,14
DA:543,0
DA:545,14
DA:547,14
DA:548,14
DA:552,0
DA:555,14
DA:556,14
DA:558,14
DA:559,14
DA:560,14
DA:563,0
DA:565,0
DA:567,0
DA:573,0
DA:575,0
DA:576,0
DA:577,0
DA:579,0
DA:580,0
DA:582,0
DA:585,0
DA:587,0
DA:590,0
DA:592,0
DA:593,0
DA:595,0
DA:596,0
DA:597,0
DA:601,0
DA:603,0
DA:604,0
DA:606,0
DA:607,0
DA:608,0
DA:612,0
DA:614,0
DA:617,0
DA:621,0
DA:622,0
DA:624,0
DA:625,0
DA:626,0
DA:630,0
DA:632,0
DA:633,0
DA:635,0
DA:636,0
DA:637,0
DA:641,0
DA:643,0
DA:650,0
DA:656,0
DA:659,0
DA:661,0
DA:662,0
DA:663,0
DA:664,0
DA:668,0
DA:670,0
DA:671,0
DA:672,0
DA:673,0
DA:676,0
DA:684,0
DA:690,0
DA:692,0
DA:694,0
DA:695,0
DA:696,0
DA:697,0
DA:698,0
DA:699,0
DA:700,0
DA:702,0
DA:705,33
DA:711,33
DA:713,33
DA:715,0
DA:716,0
DA:717,0
DA:718,0
DA:719,0
DA:720,0
DA:721,0
DA:723,33
DA:726,0
DA:733,0
DA:734,0
DA:736,0
DA:737,0
DA:739,0
DA:741,0
DA:742,0
DA:746,0
DA:747,0
DA:750,0
DA:752,0
DA:753,0
DA:754,0
DA:755,0
DA:756,0
DA:757,0
DA:758,0
DA:759,0
DA:760,0
DA:761,0
DA:773,0
DA:781,0
DA:782,0
DA:783,0
DA:785,0
DA:787,0
DA:789,0
DA:792,0
DA:794,0
DA:797,0
DA:799,0
DA:802,0
DA:807,0
DA:809,0
DA:810,0
DA:811,0
DA:812,0
DA:813,0
DA:815,0
DA:816,0
DA:817,0
DA:818,0
DA:819,0
DA:822,0
DA:823,0
DA:824,0
DA:825,0
DA:826,0
DA:829,0
DA:831,0
DA:832,0
DA:833,0
DA:834,0
DA:835,0
DA:838,0
DA:840,0
DA:842,0
DA:843,0
DA:844,0
DA:845,0
DA:847,0
DA:848,0
DA:849,0
DA:850,0
DA:851,0
DA:852,0
DA:853,0
DA:854,0
DA:855,0
DA:858,0
DA:860,0
DA:862,0
DA:896,0
DA:899,0
DA:903,0
DA:910,0
DA:911,0
DA:912,0
DA:914,0
DA:916,0
DA:918,0
DA:921,0
DA:923,0
DA:926,0
DA:928,0
DA:931,0
DA:933,0
DA:935,0
DA:936,0
DA:937,0
DA:938,0
DA:939,0
DA:940,0
DA:942,0
DA:944,0
DA:946,0
DA:951,0
DA:957,0
DA:960,0
DA:962,0
DA:963,0
DA:964,0
DA:965,0
DA:967,0
DA:970,0
DA:975,0
DA:976,0
DA:977,0
DA:978,0
DA:980,0
DA:982,0
DA:984,0
DA:986,0
DA:987,0
DA:988,0
DA:990,0
DA:991,0
DA:993,0
DA:995,0
DA:996,0
DA:998,0
DA:1000,0
DA:1001,0
DA:1003,0
DA:1004,0
DA:1005,0
DA:1006,0
DA:1009,0
DA:1011,0
DA:1012,0
DA:1013,0
DA:1015,0
DA:1017,0
DA:1018,0
DA:1020,0
DA:1028,0
DA:1029,0
DA:1031,0
DA:1176,0
DA:1183,0
DA:1185,0
DA:1187,0
DA:1189,0
DA:1193,0
DA:1198,0
DA:1200,0
DA:1204,0
DA:1208,0
DA:1210,0
DA:1211,0
DA:1212,0
DA:1213,0
DA:1214,0
DA:1215,0
DA:1216,0
DA:1217,0
DA:1218,0
DA:1220,0
DA:1223,0
DA:1232,0
DA:1233,0
DA:1234,0
DA:1236,0
DA:1238,0
DA:1240,0
DA:1243,0
DA:1245,0
DA:1248,0
DA:1250,0
DA:1253,0
DA:1258,0
DA:1260,0
DA:1261,0
DA:1262,0
DA:1263,0
DA:1264,0
DA:1266,0
DA:1267,0
DA:1268,0
DA:1269,0
DA:1270,0
DA:1273,0
DA:1274,0
DA:1275,0
DA:1276,0
DA:1277,0
DA:1280,0
DA:1282,0
DA:1283,0
DA:1284,0
DA:1285,0
DA:1286,0
DA:1289,0
DA:1291,0
DA:1293,0
DA:1297,0
DA:1302,0
DA:1304,0
DA:1308,0
DA:1312,0
DA:1314,0
DA:1316,0
DA:1317,0
DA:1318,0
DA:1319,0
DA:1321,0
DA:1322,0
DA:1323,0
DA:1324,0
DA:1325,0
DA:1326,0
DA:1327,0
DA:1328,0
DA:1329,0
DA:1330,0
DA:1331,0
DA:1334,0
DA:1336,0
DA:1338,0
DA:1343,1
DA:1350,1
DA:1353,1
DA:1355,5
DA:1357,4
DA:1359,0
DA:1360,0
DA:1366,0
DA:1368,0
DA:1372,1
DA:1374,0
DA:1375,0
DA:1376,0
DA:1377,0
DA:1379,1
DA:1382,0
DA:1390,0
DA:1393,0
DA:1395,0
DA:1397,0
DA:1399,0
DA:1400,0
DA:1406,0
DA:1408,0
DA:1412,0
DA:1414,0
DA:1415,0
DA:1416,0
DA:1417,0
DA:1419,0
DA:1422,0
DA:1429,0
DA:1430,0
DA:1431,0
DA:1432,0
DA:1434,0
DA:1437,0
DA:1439,0
DA:1442,0
DA:1444,0
DA:1447,0
DA:1449,0
DA:1452,0
DA:1454,0
DA:1459,0
DA:1460,0
DA:1462,0
DA:1466,0
DA:1468,0
DA:1470,0
DA:1472,0
DA:1473,0
DA:1479,0
DA:1481,0
DA:1485,0
DA:1487,0
DA:1488,0
DA:1490,0
DA:1491,0
DA:1493,0
DA:1494,0
DA:1495,0
DA:1497,0
DA:1501,0
DA:1509,0
DA:1510,0
DA:1511,0
DA:1514,0
DA:1516,0
DA:1518,0
DA:1521,0
DA:1523,0
DA:1526,0
DA:1528,0
DA:1531,0
DA:1533,0
DA:1534,0
DA:1536,0
DA:1538,0
DA:1539,0
DA:1540,0
DA:1542,0
DA:1543,0
DA:1545,0
DA:1546,0
DA:1547,0
DA:1548,0
DA:1549,0
DA:1550,0
DA:1551,0
DA:1552,0
DA:1554,0
DA:1555,0
DA:1557,0
DA:1559,0
DA:1582,0
DA:1584,0
DA:1586,0
DA:1587,0
DA:1588,0
DA:1590,0
DA:1591,0
DA:1592,0
DA:1595,0
DA:1596,0
DA:1597,0
DA:1600,0
DA:1601,0
DA:1602,0
DA:1608,0
DA:1610,0
DA:1611,0
DA:1756,0
DA:1758,0
DA:1760,0
DA:1761,0
DA:1762,0
DA:1764,0
DA:1770,0
DA:1772,0
DA:1773,0
DA:1774,0
DA:1776,0
DA:1777,0
DA:1779,0
DA:1782,0
DA:1784,0
DA:1786,0
DA:1789,0
DA:1793,0
DA:1795,0
DA:1797,0
DA:1798,0
DA:1799,0
DA:1801,0
DA:1802,0
DA:1803,0
DA:1805,0
DA:1809,0
DA:1811,0
DA:1812,0
DA:1813,0
DA:1815,0
DA:1816,0
DA:1817,0
DA:1819,0
DA:1820,0
DA:1825,14
DA:1827,14
DA:1828,14
DA:1829,14
DA:1830,14
DA:1832,14
DA:1834,14
DA:1835,14
DA:1837,14
DA:1839,14
DA:1842,14
DA:1843,14
DA:1847,0
DA:1849,0
DA:1850,0
DA:1853,1
DA:1855,1
DA:1856,1
DA:1857,1
DA:1858,1
DA:1859,1
DA:1860,1
DA:1861,1
DA:1862,1
DA:1864,1
DA:1865,1
DA:1866,1
DA:1869,1
DA:1871,1
DA:1872,1
DA:1873,1
DA:1874,1
DA:1875,1
DA:1876,1
DA:1877,1
DA:1878,1
DA:1879,1
DA:1880,1
DA:1881,1
DA:1883,1
DA:1887,0
DA:1892,1
DA:1893,1
DA:1894,1
DA:1895,1
end_of_record
TN:
SF:/home/jordi/Projects/i+d/platformio-native/lib/c-puf/src/puf.c
FN:41,puf_new
FNDA:5,puf_new
FN:66,puf_destroy
FNDA:1,puf_destroy
FN:79,pufOn
FNDA:11,pufOn
FN:97,pufEmit
FNDA:4,pufEmit
FN:103,pufOff
FNDA:3,pufOff
FN:119,pufFreeEventIndex
FNDA:7,pufFreeEventIndex
FN:129,pufFreeCbIndex
FNDA:10,pufFreeCbIndex
FN:139,pufFindEventIndex
FNDA:19,pufFindEventIndex
FN:149,pufFindCbIndex
FNDA:9,pufFindCbIndex
FN:159,pufFindEventAndCountCallbacks
FNDA:4,pufFindEventAndCountCallbacks
FN:174,PufFreeEventAndCbIndex
FNDA:11,PufFreeEventAndCbIndex
FN:192,pufCountEventCallback
FNDA:3,pufCountEventCallback
FN:203,pufRun
FNDA:2,pufRun
FN:217,pufReset
FNDA:6,pufReset
FN:228,pufResetEvent
FNDA:1,pufResetEvent
DA:41,5
DA:42,5
DA:44,5
DA:45,5
DA:48,5
DA:49,5
DA:50,18
DA:51,13
DA:55,5
DA:56,5
DA:57,5
DA:58,5
DA:59,5
DA:61,5
DA:63,5
DA:66,1
DA:67,1
DA:68,3
DA:69,2
DA:71,1
DA:72,1
DA:73,1
DA:79,11
DA:80,11
DA:81,11
DA:82,11
DA:83,2
DA:86,9
DA:87,9
DA:88,1
DA:91,8
DA:92,8
DA:94,8
DA:97,4
DA:98,4
DA:99,4
DA:100,4
DA:103,3
DA:104,3
DA:105,3
DA:106,1
DA:109,12
DA:110,11
DA:111,1
DA:112,1
DA:116,1
DA:119,7
DA:120,11
DA:121,10
DA:122,6
DA:126,1
DA:129,10
DA:130,15
DA:131,14
DA:132,9
DA:136,1
DA:139,19
DA:140,50
DA:141,41
DA:142,10
DA:146,9
DA:149,9
DA:150,41
DA:151,33
DA:152,1
DA:156,8
DA:159,4
DA:161,4
DA:162,4
DA:163,1
DA:166,3
DA:167,3
DA:168,1
DA:171,2
DA:174,11
DA:176,11
DA:177,11
DA:178,7
DA:179,7
DA:180,1
DA:184,10
DA:185,10
DA:186,1
DA:189,9
DA:192,3
DA:193,3
DA:194,25
DA:195,22
DA:196,2
DA:200,3
DA:203,2
DA:204,2
DA:205,12
DA:206,11
DA:207,2
DA:208,2
DA:209,1
DA:214,2
DA:217,6
DA:218,24
DA:219,18
DA:220,134
DA:221,116
DA:225,6
DA:228,1
DA:229,1
DA:230,3
DA:231,2
DA:234,1
end_of_record
TN:
SF:/home/jordi/Projects/i+d/platformio-native/.pio/build/native/unity_config/unity_config.c
FN:18,setUp
FNDA:0,setUp
FN:19,tearDown
FNDA:0,tearDown
FN:20,suiteSetUp
FNDA:0,suiteSetUp
FN:21,suiteTearDown
FNDA:0,suiteTearDown
FN:39,unityOutputStart
FNDA:1,unityOutputStart
FN:40,unityOutputChar
FNDA:724,unityOutputChar
FN:41,unityOutputFlush
FNDA:15,unityOutputFlush
FN:42,unityOutputComplete
FNDA:1,unityOutputComplete
DA:18,0
DA:19,0
DA:20,0
DA:21,0
DA:39,1
DA:40,724
DA:41,15
DA:42,1
end_of_record
TN:
SF:/home/jordi/Projects/i+d/platformio-native/test/test_puf.c
FN:7,setUp
FNDA:14,setUp
FN:9,tearDown
FNDA:14,tearDown
FN:17,cb_1_ok
FNDA:1,cb_1_ok
FN:23,cb_2_err
FNDA:1,cb_2_err
FN:24,cb_3_ok
FNDA:0,cb_3_ok
FN:26,test_can_create_an_instance
FNDA:1,test_can_create_an_instance
FN:32,test_all_null_after_reset
FNDA:1,test_all_null_after_reset
FN:42,test_reset_event
FNDA:1,test_reset_event
FN:60,test_first_listeners
FNDA:1,test_first_listeners
FN:65,test_check_listener_1
FNDA:1,test_check_listener_1
FN:72,test_check_listener_2
FNDA:1,test_check_listener_2
FN:77,test_error_if_cb_exists
FNDA:1,test_error_if_cb_exists
FN:84,test_emit_listener_1
FNDA:1,test_emit_listener_1
FN:90,test_emit_listener_2
FNDA:1,test_emit_listener_2
FN:95,test_emit_unknow_event
FNDA:1,test_emit_unknow_event
FN:100,test_off_event
FNDA:1,test_off_event
FN:121,test_on_fails_if_event_full
FNDA:1,test_on_fails_if_event_full
FN:136,test_on_fails_if_cb_full
FNDA:1,test_on_fails_if_cb_full
FN:150,test_destroy_instance
FNDA:1,test_destroy_instance
FN:158,main
FNDA:1,main
DA:7,14
DA:9,14
DA:17,1
DA:18,1
DA:19,1
DA:20,1
DA:21,1
DA:23,1
DA:24,0
DA:26,1
DA:27,1
DA:28,1
DA:29,1
DA:30,1
DA:32,1
DA:33,1
DA:34,6
DA:35,5
DA:36,55
DA:37,50
DA:40,1
DA:42,1
DA:43,1
DA:44,1
DA:45,1
DA:47,1
DA:48,1
DA:50,1
DA:52,1
DA:53,1
DA:56,1
DA:57,1
DA:58,1
DA:60,1
DA:61,1
DA:62,1
DA:63,1
DA:65,1
DA:66,1
DA:67,1
DA:69,1
DA:70,1
DA:72,1
DA:73,1
DA:74,1
DA:75,1
DA:77,1
DA:80,1
DA:81,1
DA:82,1
DA:84,1
DA:85,1
DA:86,1
DA:87,1
DA:88,1
DA:90,1
DA:91,1
DA:92,1
DA:93,1
DA:95,1
DA:96,1
DA:97,1
DA:98,1
DA:100,1
DA:102,1
DA:105,1
DA:106,1
DA:108,1
DA:109,1
DA:113,1
DA:114,1
DA:116,1
DA:118,1
DA:119,1
DA:121,1
DA:122,1
DA:123,1
DA:125,1
DA:126,1
DA:128,1
DA:129,1
DA:132,1
DA:133,1
DA:134,1
DA:136,1
DA:137,1
DA:138,1
DA:140,1
DA:141,1
DA:143,1
DA:144,1
DA:146,1
DA:147,1
DA:148,1
DA:150,1
DA:151,1
DA:152,1
DA:153,1
DA:154,1
DA:156,1
DA:158,1
DA:159,1
DA:161,1
DA:162,1
DA:163,1
DA:164,1
DA:165,1
DA:166,1
DA:167,1
DA:168,1
DA:169,1
DA:170,1
DA:171,1
DA:172,1
DA:173,1
DA:174,1
DA:175,1
DA:176,1
DA:177,1
end_of_record
